<?xml version="1.0" encoding="UTF-8"?>
<testsuites name="TestSuite1" time="10" tests="1" failures="0" errors="0">
   <testsuite name="TestSuite1" tests="1" failures="0" errors="0" time="10" timestamp="2018-09-03 13:44:40" hostname="BCN-9BC71G2$ - BCN-9BC71G2.usersad.everis.int" id="Test Suites/TestSuite1">
      <properties>
         <property name="deviceName" value=""/>
         <property name="devicePlatform" value=""/>
         <property name="logFolder" value="C:\\Users\\mvilarde\\git\\KatalonTest\\Reports\\TestSuite1\\20180903_134438"/>
         <property name="logFiles" value="C:\\Users\\mvilarde\\git\\KatalonTest\\Reports\\TestSuite1\\20180903_134438\\execution0.log"/>
         <property name="attachments" value=""/>
         <property name="hostName" value="BCN-9BC71G2$ - BCN-9BC71G2.usersad.everis.int"/>
         <property name="os" value="Windows 10 64bit"/>
         <property name="katalonVersion" value="5.6.0.1"/>
         <property name="browser" value="Chrome 68.0.3440.106"/>
         <property name="hostAddress" value="10.116.126.81"/>
         <property name="sessionId" value="f64883693b3a6f68cb0078875b21ec46"/>
         <property name="seleniumVersion" value="3.7.1"/>
         <property name="proxyInformation" value="ProxyInformation{proxyOption=USE_SYSTEM, proxyServerType=HTTP, password=, proxyServerAddress=, proxyServerPort=0}"/>
         <property name="platform" value="Windows 10"/>
      </properties>
      <testcase name="Test Cases/Test1" classname="Test Cases/Test1" status="PASSED">
         <system-out><![CDATA[2018-09-03 13:44:41 - [TEST_CASE][PASSED] - Test Cases/Test1: Test Cases/Test1

2018-09-03 13:44:41 - [TEST_STEP][PASSED] - openBrowser: Browser is opened with url: ''

2018-09-03 13:44:45 - [MESSAGE][PASSED] - Browser is opened with url: ''

2018-09-03 13:44:45 - [TEST_STEP][PASSED] - navigateToUrl: Navigate to 'https://katalon-demo-cura.herokuapp.com/' successfully

2018-09-03 13:44:47 - [MESSAGE][PASSED] - Navigate to 'https://katalon-demo-cura.herokuapp.com/' successfully

2018-09-03 13:44:47 - [TEST_STEP][PASSED] - click: Object: 'Object Repository/Test1/Page_CURA Healthcare Service/a_Make Appointment' is clicked on

2018-09-03 13:44:48 - [MESSAGE][PASSED] - Object: 'Object Repository/Test1/Page_CURA Healthcare Service/a_Make Appointment' is clicked on

2018-09-03 13:44:48 - [TEST_STEP][PASSED] - setText: Text 'John Doe' is set on object 'Object Repository/Test1/Page_CURA Healthcare Service/input_username'

2018-09-03 13:44:48 - [MESSAGE][PASSED] - Text 'John Doe' is set on object 'Object Repository/Test1/Page_CURA Healthcare Service/input_username'

2018-09-03 13:44:48 - [TEST_STEP][PASSED] - setEncryptedText: Text ****** has been set on object 'Object Repository/Test1/Page_CURA Healthcare Service/input_password'

2018-09-03 13:44:49 - [MESSAGE][PASSED] - Text ****** has been set on object 'Object Repository/Test1/Page_CURA Healthcare Service/input_password'

2018-09-03 13:44:49 - [TEST_STEP][PASSED] - click: Object: 'Object Repository/Test1/Page_CURA Healthcare Service/button_Login' is clicked on

2018-09-03 13:44:50 - [MESSAGE][PASSED] - Object: 'Object Repository/Test1/Page_CURA Healthcare Service/button_Login' is clicked on

2018-09-03 13:44:50 - [TEST_STEP][PASSED] - closeBrowser: Browser is closed

2018-09-03 13:44:50 - [MESSAGE][PASSED] - Browser is closed]]></system-out>
         <system-err><![CDATA[]]></system-err>
      </testcase>
      <system-out><![CDATA[2018-09-03 13:44:40 - [TEST_SUITE][PASSED] - TestSuite1: Test Cases/Test1]]></system-out>
      <system-err><![CDATA[]]></system-err>
   </testsuite>
</testsuites>
