<?xml version="1.0" encoding="UTF-8"?>
<testsuites name="TestSuite1" time="1" tests="0" failures="1" errors="0">
   <testsuite name="TestSuite1" tests="0" failures="1" errors="0" time="1" timestamp="2018-09-03 13:41:45" hostname="BCN-9BC71G2$ - BCN-9BC71G2.usersad.everis.int" id="Test Suites/TestSuite1">
      <properties>
         <property name="deviceName" value=""/>
         <property name="devicePlatform" value=""/>
         <property name="logFolder" value="C:\\Users\\mvilarde\\git\\KatalonTest\\Reports\\TestSuite1\\20180903_134142"/>
         <property name="logFiles" value="C:\\Users\\mvilarde\\git\\KatalonTest\\Reports\\TestSuite1\\20180903_134142\\execution0.log"/>
         <property name="attachments" value=""/>
         <property name="hostName" value="BCN-9BC71G2$ - BCN-9BC71G2.usersad.everis.int"/>
         <property name="hostAddress" value="10.116.126.81"/>
         <property name="os" value="Windows 10 64bit"/>
         <property name="katalonVersion" value="5.6.0.1"/>
      </properties>
      <testcase name="Test Cases/Test1" classname="Test Cases/Test1" status="FAILED">
         <failure type="FAILED" message="Unable to navigate to 'https://katalon-demo-cura.herokuapp.com/' (Root cause: com.kms.katalon.core.webui.exception.BrowserNotOpenedException: Browser is not opened
Build info: version: '3.7.1', revision: '8a0099a', time: '2017-11-06T21:07:36.161Z'
System info: host: 'BCN-9BC71G2', ip: '10.116.126.81', os.name: 'Windows 10', os.arch: 'amd64', os.version: '10.0', java.version: '1.8.0_102'
Driver info: driver.version: unknown)"/>
         <system-out><![CDATA[2018-09-03 13:41:46 - [TEST_CASE][FAILED] - Test Cases/Test1: Test Cases/Test1 FAILED because (of) Unable to navigate to 'https://katalon-demo-cura.herokuapp.com/' (Root cause: com.kms.katalon.core.webui.exception.BrowserNotOpenedException: Browser is not opened
Build info: version: '3.7.1', revision: '8a0099a', time: '2017-11-06T21:07:36.161Z'
System info: host: 'BCN-9BC71G2', ip: '10.116.126.81', os.name: 'Windows 10', os.arch: 'amd64', os.version: '10.0', java.version: '1.8.0_102'
Driver info: driver.version: unknown)

2018-09-03 13:41:46 - [TEST_STEP][FAILED] - navigateToUrl: Unable to navigate to 'https://katalon-demo-cura.herokuapp.com/' (Root cause: com.kms.katalon.core.webui.exception.BrowserNotOpenedException: Browser is not opened
Build info: version: '3.7.1', revision: '8a0099a', time: '2017-11-06T21:07:36.161Z'
System info: host: 'BCN-9BC71G2', ip: '10.116.126.81', os.name: 'Windows 10', os.arch: 'amd64', os.version: '10.0', java.version: '1.8.0_102'
Driver info: driver.version: unknown)

2018-09-03 13:41:47 - [MESSAGE][WARNING] - Cannot take screenshot

2018-09-03 13:41:47 - [MESSAGE][FAILED] - Unable to navigate to 'https://katalon-demo-cura.herokuapp.com/' (Root cause: com.kms.katalon.core.webui.exception.BrowserNotOpenedException: Browser is not opened
Build info: version: '3.7.1', revision: '8a0099a', time: '2017-11-06T21:07:36.161Z'
System info: host: 'BCN-9BC71G2', ip: '10.116.126.81', os.name: 'Windows 10', os.arch: 'amd64', os.version: '10.0', java.version: '1.8.0_102'
Driver info: driver.version: unknown)]]></system-out>
         <system-err><![CDATA[2018-09-03 13:41:46 - [TEST_CASE][FAILED] - Test Cases/Test1: Test Cases/Test1 FAILED because (of) Unable to navigate to 'https://katalon-demo-cura.herokuapp.com/' (Root cause: com.kms.katalon.core.webui.exception.BrowserNotOpenedException: Browser is not opened
Build info: version: '3.7.1', revision: '8a0099a', time: '2017-11-06T21:07:36.161Z'
System info: host: 'BCN-9BC71G2', ip: '10.116.126.81', os.name: 'Windows 10', os.arch: 'amd64', os.version: '10.0', java.version: '1.8.0_102'
Driver info: driver.version: unknown)]]></system-err>
      </testcase>
      <system-out><![CDATA[2018-09-03 13:41:45 - [TEST_SUITE][FAILED] - TestSuite1: Test Cases/Test1 FAILED because (of) Unable to navigate to 'https://katalon-demo-cura.herokuapp.com/' (Root cause: com.kms.katalon.core.webui.exception.BrowserNotOpenedException: Browser is not opened
Build info: version: '3.7.1', revision: '8a0099a', time: '2017-11-06T21:07:36.161Z'
System info: host: 'BCN-9BC71G2', ip: '10.116.126.81', os.name: 'Windows 10', os.arch: 'amd64', os.version: '10.0', java.version: '1.8.0_102'
Driver info: driver.version: unknown)]]></system-out>
      <system-err><![CDATA[2018-09-03 13:41:45 - [TEST_SUITE][FAILED] - TestSuite1: Test Cases/Test1 FAILED because (of) Unable to navigate to 'https://katalon-demo-cura.herokuapp.com/' (Root cause: com.kms.katalon.core.webui.exception.BrowserNotOpenedException: Browser is not opened
Build info: version: '3.7.1', revision: '8a0099a', time: '2017-11-06T21:07:36.161Z'
System info: host: 'BCN-9BC71G2', ip: '10.116.126.81', os.name: 'Windows 10', os.arch: 'amd64', os.version: '10.0', java.version: '1.8.0_102'
Driver info: driver.version: unknown)]]></system-err>
   </testsuite>
</testsuites>
